<?xml version="1.0" encoding="UTF-8"?>
<testng-results skipped="0" failed="0" total="2" passed="2">
  <reporter-output>
  </reporter-output>
  <suite name="Suite" duration-ms="8366" started-at="2020-09-12T19:05:00Z" finished-at="2020-09-12T19:05:09Z">
    <groups>
    </groups>
    <test name="Test" duration-ms="8366" started-at="2020-09-12T19:05:00Z" finished-at="2020-09-12T19:05:09Z">
      <class name="MahavatarBabaji.Mvnselenium2Test">
        <test-method status="PASS" signature="seleniumtest2()[pri:0, instance:MahavatarBabaji.Mvnselenium2Test@3498ed]" name="seleniumtest2" duration-ms="4389" started-at="2020-09-12T14:05:04Z" finished-at="2020-09-12T14:05:09Z">
          <reporter-output>
          </reporter-output>
        </test-method> <!-- seleniumtest2 -->
      </class> <!-- MahavatarBabaji.Mvnselenium2Test -->
      <class name="MahavatarBabaji.MvnseleniumTest">
        <test-method status="PASS" signature="seleniumtest()[pri:0, instance:MahavatarBabaji.MvnseleniumTest@506e6d5e]" name="seleniumtest" duration-ms="3956" started-at="2020-09-12T14:05:00Z" finished-at="2020-09-12T14:05:04Z">
          <reporter-output>
          </reporter-output>
        </test-method> <!-- seleniumtest -->
      </class> <!-- MahavatarBabaji.MvnseleniumTest -->
    </test> <!-- Test -->
  </suite> <!-- Suite -->
</testng-results>
